2026-06-29 09:31:28,865	[INFO]	(gateway.py:56)on_closed	[botpy] 关闭, 返回码: 4009, 返回信息: Session timed out
2026-06-29 09:31:28,865	[INFO]	(gateway.py:134)ws_connect	[botpy] ws关闭, 停止接收消息!
2026-06-29 09:31:33,869	[INFO]	(connection.py:60)multi_run	[botpy] 最大并发连接数: 1, 启动会话数: 1
2026-06-29 09:31:33,870	[INFO]	(client.py:242)bot_connect	[botpy] 会话启动中...
2026-06-29 09:31:33,870	[INFO]	(gateway.py:115)ws_connect	[botpy] 启动中...
2026-06-29 09:31:34,007	[INFO]	(gateway.py:175)ws_resume	[botpy] 重连启动...
2026-06-29 09:31:34,089	[INFO]	(gateway.py:90)on_message	[botpy] 机器人重连成功! 
2026-06-29 09:31:34,090	[INFO]	(gateway.py:223)_send_heart	[botpy] 心跳维持启动...
2026-06-29 10:01:34,006	[INFO]	(gateway.py:56)on_closed	[botpy] 关闭, 返回码: 4009, 返回信息: Session timed out
2026-06-29 10:01:34,007	[INFO]	(gateway.py:134)ws_connect	[botpy] ws关闭, 停止接收消息!
2026-06-29 10:01:39,011	[INFO]	(connection.py:60)multi_run	[botpy] 最大并发连接数: 1, 启动会话数: 1
2026-06-29 10:01:39,011	[INFO]	(client.py:242)bot_connect	[botpy] 会话启动中...
2026-06-29 10:01:39,011	[INFO]	(gateway.py:115)ws_connect	[botpy] 启动中...
2026-06-29 10:01:39,122	[INFO]	(gateway.py:175)ws_resume	[botpy] 重连启动...
2026-06-29 10:01:39,216	[INFO]	(gateway.py:90)on_message	[botpy] 机器人重连成功! 
2026-06-29 10:01:39,217	[INFO]	(gateway.py:223)_send_heart	[botpy] 心跳维持启动...
2026-06-29 10:31:39,124	[INFO]	(gateway.py:56)on_closed	[botpy] 关闭, 返回码: 4009, 返回信息: Session timed out
2026-06-29 10:31:39,124	[INFO]	(gateway.py:134)ws_connect	[botpy] ws关闭, 停止接收消息!
2026-06-29 10:31:44,128	[INFO]	(connection.py:60)multi_run	[botpy] 最大并发连接数: 1, 启动会话数: 1
2026-06-29 10:31:44,128	[INFO]	(client.py:242)bot_connect	[botpy] 会话启动中...
2026-06-29 10:31:44,128	[INFO]	(gateway.py:115)ws_connect	[botpy] 启动中...
2026-06-29 10:31:44,297	[INFO]	(gateway.py:175)ws_resume	[botpy] 重连启动...
2026-06-29 10:31:44,511	[INFO]	(robot.py:65)update_access_token	[botpy] access_token expires_in 5677
2026-06-29 10:31:44,601	[INFO]	(gateway.py:90)on_message	[botpy] 机器人重连成功! 
2026-06-29 10:31:44,601	[INFO]	(gateway.py:223)_send_heart	[botpy] 心跳维持启动...
2026-06-29 11:01:44,297	[INFO]	(gateway.py:56)on_closed	[botpy] 关闭, 返回码: 4009, 返回信息: Session timed out
2026-06-29 11:01:44,298	[INFO]	(gateway.py:134)ws_connect	[botpy] ws关闭, 停止接收消息!
2026-06-29 11:01:49,301	[INFO]	(connection.py:60)multi_run	[botpy] 最大并发连接数: 1, 启动会话数: 1
2026-06-29 11:01:49,302	[INFO]	(client.py:242)bot_connect	[botpy] 会话启动中...
2026-06-29 11:01:49,302	[INFO]	(gateway.py:115)ws_connect	[botpy] 启动中...
2026-06-29 11:01:49,418	[INFO]	(gateway.py:175)ws_resume	[botpy] 重连启动...
2026-06-29 11:01:49,522	[INFO]	(gateway.py:90)on_message	[botpy] 机器人重连成功! 
2026-06-29 11:01:49,522	[INFO]	(gateway.py:223)_send_heart	[botpy] 心跳维持启动...
2026-06-29 11:15:47,548	[INFO]	(gateway.py:56)on_closed	[botpy] 关闭, 返回码: WSCloseCode.OK, 返回信息: None
2026-06-29 11:19:02,736	[INFO]	(gateway.py:134)ws_connect	[botpy] ws关闭, 停止接收消息!
2026-06-29 11:19:18,646	[INFO]	(connection.py:60)multi_run	[botpy] 最大并发连接数: 1, 启动会话数: 1
2026-06-29 11:19:23,416	[INFO]	(client.py:242)bot_connect	[botpy] 会话启动中...
2026-06-29 11:19:26,386	[INFO]	(gateway.py:115)ws_connect	[botpy] 启动中...
2026-06-29 11:23:23,559	[ERROR]	(gateway.py:51)on_error	[botpy] websocket连接: None, 异常信息 : Connection timeout to host wss://api.sgroup.qq.com/websocket
2026-06-29 11:23:39,632	[INFO]	(connection.py:60)multi_run	[botpy] 最大并发连接数: 1, 启动会话数: 1
2026-06-29 11:23:40,652	[INFO]	(client.py:242)bot_connect	[botpy] 会话启动中...
2026-06-29 11:23:40,752	[INFO]	(gateway.py:115)ws_connect	[botpy] 启动中...
2026-06-29 11:24:35,178	[INFO]	(gateway.py:175)ws_resume	[botpy] 重连启动...
2026-06-29 11:25:02,054	[INFO]	(gateway.py:90)on_message	[botpy] 机器人重连成功! 
2026-06-29 11:25:07,762	[INFO]	(gateway.py:223)_send_heart	[botpy] 心跳维持启动...
